2021-04-21 15:01:15 handle_test.py handle_test INFO {'userId': 4467887, 'startDate': '', 'endDate': '', 'page': 1, 'size': 10, 'org_ids': True, 'authName': 997, 'access_token': '5304d824-2ccd-4e76-ac52-e926e40dc633', 'uniqu_no': '9F5E0DC2BB504FFABD279FE3324867D0', 'operatorId': 4467887, 'authUserId': 4467887, 'authToken': '5304d824-2ccd-4e76-ac52-e926e40dc633'} 
2021-04-21 15:01:15 handle_test.py handle_test INFO "responseMsg": "获取相似度患者列表操作成功！" 
2021-04-21 15:01:15 RequestsUtil.py requests_api DEBUG 发送get请求 
2021-04-21 15:01:30 handle_test.py handle_test INFO {'userId': 4467887, 'startDate': '', 'endDate': '', 'page': 1, 'size': 10, 'paramJson': '[{"key": "symp","value": "气喘","andOr": ""}]', 'org_ids': True, 'authName': 997, 'access_token': 'f11159c8-2461-4167-ad12-4a8072cf738d', 'uniqu_no': '9F5E0DC2BB504FFABD279FE3324867D0', 'operatorId': 4467887, 'authUserId': 4467887, 'authToken': 'f11159c8-2461-4167-ad12-4a8072cf738d'} 
2021-04-21 15:01:30 handle_test.py handle_test INFO 气喘 
2021-04-21 15:01:30 RequestsUtil.py requests_api DEBUG 发送get请求 
2021-04-21 15:01:33 handle_test.py handle_test INFO {'userId': 4467887, 'startDate': '', 'endDate': '', 'page': 1, 'size': 10, 'paramJson': '[{"key":"mainDiag","value":"哮喘","andOr":""}]', 'org_ids': True, 'authName': 997, 'access_token': 'd3112405-4f1a-4ccc-aa16-4d58ef7bf1fc', 'uniqu_no': '9F5E0DC2BB504FFABD279FE3324867D0', 'operatorId': 4467887, 'authUserId': 4467887, 'authToken': 'd3112405-4f1a-4ccc-aa16-4d58ef7bf1fc'} 
2021-04-21 15:01:33 handle_test.py handle_test INFO 哮喘 
2021-04-21 15:01:33 RequestsUtil.py requests_api DEBUG 发送get请求 
2021-04-21 15:01:34 RequestsUtil.py requests_api DEBUG 发送get请求 
2021-04-21 15:01:35 handle_test.py handle_test INFO {'userId': '4467887', 'startDate': '', 'endDate': '', 'page': 1, 'size': 10, 'paramJson': "[{'key': 'symp', 'value': '咳嗽', 'andOr': ''}]", 'org_ids': True, 'authName': '997', 'access_token': '3572bfa1-596e-4eca-bc36-2722d06a2175', 'uniqu_no': '9F5E0DC2BB504FFABD279FE3324867D0', 'operatorId': '4467887', 'authUserId': '4467887', 'authToken': '3572bfa1-596e-4eca-bc36-2722d06a2175'} 
2021-04-21 15:01:35 handle_test.py handle_test INFO "responseMsg": "获取相似度患者列表操作成功！" 
2021-04-21 15:01:35 RequestsUtil.py requests_api DEBUG 发送get请求 
2021-04-21 15:01:35 handle_test.py handle_test INFO {'org_ids': True, 'authName': 997, 'access_token': 'f11159c8-2461-4167-ad12-4a8072cf738d', 'uniqu_no': '9F5E0DC2BB504FFABD279FE3324867D0', 'operatorId': 4467887, 'authUserId': 4467887, 'authToken': 'f11159c8-2461-4167-ad12-4a8072cf738d'} 
2021-04-21 15:01:35 handle_test.py handle_test INFO ['主要诊断', '全部诊断', '"patientName": "患者名称", "inPatientNo": "住院流水号"', '{"mainDiag": "主要诊断", "allDiag": "全部诊断", "symp": "症状", "patientName": "患者名称", "inPatientNo": "住院流水号"}'] 
2021-04-21 15:01:35 RequestsUtil.py requests_api DEBUG 发送get请求 
2021-04-21 15:01:35 handle_test.py handle_test INFO {'type': 'mainDiag', 'keyWord': '咳嗽', 'limit': 10, 'org_ids': True, 'authName': 997, 'access_token': 'f11159c8-2461-4167-ad12-4a8072cf738d', 'uniqu_no': '9F5E0DC2BB504FFABD279FE3324867D0', 'operatorId': 4467887, 'authUserId': 4467887, 'authToken': 'f11159c8-2461-4167-ad12-4a8072cf738d'} 
2021-04-21 15:01:35 handle_test.py handle_test INFO ['咳嗽', '"responseMsg": "操作成功！"', '"responseResult": "SUCCESS"'] 
2021-04-21 15:01:35 RequestsUtil.py requests_api DEBUG 发送get请求 
2021-04-21 15:01:35 handle_test.py handle_test INFO {'inpatientNo': 'ZY060000633367', 'data': '{"基本信息":{"num":0,"status":0},"全部诊断":{"num":0,"status":0},"主要诊断":{"num":10,"status":1},"临床表现":{"num":0,"status":0},"主诉":{"num":0,"status":0},"现病史":{"num":0,"status":0},"家族史":{"num":0,"status":0},"既往史":{"num":0,"status":0},"个人史":{"num":0,"status":0},"检查":{"num":0,"status":0},"检验":{"num":0,"status":0}}', 'hospitalCode': '12440100455344205E', 'org_ids': True, 'authName': 997, 'access_token': 'd3112405-4f1a-4ccc-aa16-4d58ef7bf1fc', 'uniqu_no': '9F5E0DC2BB504FFABD279FE3324867D0', 'operatorId': 4467887, 'authUserId': 4467887, 'authToken': 'd3112405-4f1a-4ccc-aa16-4d58ef7bf1fc'} 
2021-04-21 15:01:35 handle_test.py handle_test INFO resultData 
2021-04-21 15:01:35 RequestsUtil.py requests_api DEBUG 发送post请求 
2021-04-21 15:01:39 RequestsUtil.py requests_api DEBUG 发送post请求 
2021-04-21 15:01:40 handle_test.py handle_test INFO {'reportNos': 'XS007,XS008', 'inPatientNos': 'ZY020000633367|12440100455344205E,ZY040000633367|12440100455344205E,ZY030000627064|12440100455344205E,ZY020000608428|12440100455344205E,ZY050000633367|12440100455344205E,ZY030000638484|12440100455344205E,ZY030000633367|12440100455344205E,ZY040000627064|12440100455344205E,ZY060000616498|12440100455344205E,ZY020000634616|12440100455344205E,ZY040000634616|12440100455344205E,ZY040000616498|12440100455344205E,ZY020000627064|12440100455344205E,ZY090000615299|12440100455344205E,ZY030000615299|12440100455344205E,ZY020000562523|12440100455344205E,ZY010000562523|12440100455344205E,ZY030000562523|12440100455344205E,ZY040000562523|12440100455344205E,ZY100000607140|12440100455344205E,', 'org_ids': True, 'authName': 997, 'access_token': '2b9432e3-966b-4872-b895-cba9d4bcdea1', 'uniqu_no': '9F5E0DC2BB504FFABD279FE3324867D0', 'operatorId': 4467887, 'authUserId': 4467887, 'authToken': '2b9432e3-966b-4872-b895-cba9d4bcdea1'} 
2021-04-21 15:01:40 handle_test.py handle_test INFO 20岁以下 
2021-04-21 15:01:41 RequestsUtil.py requests_api DEBUG 发送post请求 
2021-04-21 15:01:45 handle_test.py handle_test INFO {'reportNos': 'XS012,XS006', 'inPatientNos': 'ZY020000633367|12440100455344205E,ZY040000633367|12440100455344205E,ZY030000627064|12440100455344205E,ZY020000608428|12440100455344205E,ZY050000633367|12440100455344205E,ZY030000638484|12440100455344205E,ZY030000633367|12440100455344205E,ZY040000627064|12440100455344205E,ZY060000616498|12440100455344205E,ZY020000634616|12440100455344205E,ZY040000634616|12440100455344205E,ZY040000616498|12440100455344205E,ZY020000627064|12440100455344205E,ZY090000615299|12440100455344205E,ZY030000615299|12440100455344205E,ZY020000562523|12440100455344205E,ZY010000562523|12440100455344205E,ZY030000562523|12440100455344205E,ZY040000562523|12440100455344205E,ZY100000607140|12440100455344205E,', 'org_ids': True, 'authName': 997, 'access_token': '2b9432e3-966b-4872-b895-cba9d4bcdea1', 'uniqu_no': '9F5E0DC2BB504FFABD279FE3324867D0', 'operatorId': 4467887, 'authUserId': 4467887, 'authToken': '2b9432e3-966b-4872-b895-cba9d4bcdea1'} 
2021-04-21 15:01:45 handle_test.py handle_test INFO 好转 
2021-04-21 15:01:45 RequestsUtil.py requests_api DEBUG 发送post请求 
2021-04-21 15:01:47 handle_test.py handle_test INFO {'reportNos': 'XS014,XS016', 'inPatientNos': 'ZY020000633367|12440100455344205E,ZY040000633367|12440100455344205E,ZY030000627064|12440100455344205E,ZY020000608428|12440100455344205E,ZY050000633367|12440100455344205E,ZY030000638484|12440100455344205E,ZY030000633367|12440100455344205E,ZY040000627064|12440100455344205E,ZY060000616498|12440100455344205E,ZY020000634616|12440100455344205E,ZY040000634616|12440100455344205E,ZY040000616498|12440100455344205E,ZY020000627064|12440100455344205E,ZY090000615299|12440100455344205E,ZY030000615299|12440100455344205E,ZY020000562523|12440100455344205E,ZY010000562523|12440100455344205E,ZY030000562523|12440100455344205E,ZY040000562523|12440100455344205E,ZY100000607140|12440100455344205E,', 'org_ids': True, 'authName': 997, 'access_token': '2b9432e3-966b-4872-b895-cba9d4bcdea1', 'uniqu_no': '9F5E0DC2BB504FFABD279FE3324867D0', 'operatorId': 4467887, 'authUserId': 4467887, 'authToken': '2b9432e3-966b-4872-b895-cba9d4bcdea1'} 
2021-04-21 15:01:47 handle_test.py handle_test INFO 现吸烟 
2021-04-21 15:01:47 RequestsUtil.py requests_api DEBUG 发送post请求 
2021-04-21 15:01:48 handle_test.py handle_test INFO {'reportNos': 'XS001,XS002', 'inPatientNos': 'ZY020000633367|12440100455344205E,ZY040000633367|12440100455344205E,ZY030000627064|12440100455344205E,ZY020000608428|12440100455344205E,ZY050000633367|12440100455344205E,ZY030000638484|12440100455344205E,ZY030000633367|12440100455344205E,ZY040000627064|12440100455344205E,ZY060000616498|12440100455344205E,ZY020000634616|12440100455344205E,ZY040000634616|12440100455344205E,ZY040000616498|12440100455344205E,ZY020000627064|12440100455344205E,ZY090000615299|12440100455344205E,ZY030000615299|12440100455344205E,ZY020000562523|12440100455344205E,ZY010000562523|12440100455344205E,ZY030000562523|12440100455344205E,ZY040000562523|12440100455344205E,ZY100000607140|12440100455344205E,', 'org_ids': True, 'authName': 997, 'access_token': '2b9432e3-966b-4872-b895-cba9d4bcdea1', 'uniqu_no': '9F5E0DC2BB504FFABD279FE3324867D0', 'operatorId': 4467887, 'authUserId': 4467887, 'authToken': '2b9432e3-966b-4872-b895-cba9d4bcdea1'} 
2021-04-21 15:01:48 handle_test.py handle_test INFO ICU 
2021-04-21 15:01:48 RequestsUtil.py requests_api DEBUG 发送post请求 
2021-04-21 15:01:53 handle_test.py handle_test INFO {'reportNos': 'XS021,XS004', 'inPatientNos': 'ZY020000633367|12440100455344205E,ZY040000633367|12440100455344205E,ZY030000627064|12440100455344205E,ZY020000608428|12440100455344205E,ZY050000633367|12440100455344205E,ZY030000638484|12440100455344205E,ZY030000633367|12440100455344205E,ZY040000627064|12440100455344205E,ZY060000616498|12440100455344205E,ZY020000634616|12440100455344205E,ZY040000634616|12440100455344205E,ZY040000616498|12440100455344205E,ZY020000627064|12440100455344205E,ZY090000615299|12440100455344205E,ZY030000615299|12440100455344205E,ZY020000562523|12440100455344205E,ZY010000562523|12440100455344205E,ZY030000562523|12440100455344205E,ZY040000562523|12440100455344205E,ZY100000607140|12440100455344205E,', 'org_ids': True, 'authName': 997, 'access_token': '2b9432e3-966b-4872-b895-cba9d4bcdea1', 'uniqu_no': '9F5E0DC2BB504FFABD279FE3324867D0', 'operatorId': 4467887, 'authUserId': 4467887, 'authToken': '2b9432e3-966b-4872-b895-cba9d4bcdea1'} 
2021-04-21 15:01:53 handle_test.py handle_test INFO 30天再入院率 
2021-04-21 15:01:53 RequestsUtil.py requests_api DEBUG 发送post请求 
2021-04-21 15:01:58 handle_test.py handle_test INFO {'reportNos': 'XS022', 'inPatientNos': 'ZY020000633367|12440100455344205E,ZY040000633367|12440100455344205E,ZY030000627064|12440100455344205E,ZY020000608428|12440100455344205E,ZY050000633367|12440100455344205E,ZY030000638484|12440100455344205E,ZY030000633367|12440100455344205E,ZY040000627064|12440100455344205E,ZY060000616498|12440100455344205E,ZY020000634616|12440100455344205E,ZY040000634616|12440100455344205E,ZY040000616498|12440100455344205E,ZY020000627064|12440100455344205E,ZY090000615299|12440100455344205E,ZY030000615299|12440100455344205E,ZY020000562523|12440100455344205E,ZY010000562523|12440100455344205E,ZY030000562523|12440100455344205E,ZY040000562523|12440100455344205E,ZY100000607140|12440100455344205E,', 'org_ids': True, 'authName': 997, 'access_token': '2b9432e3-966b-4872-b895-cba9d4bcdea1', 'uniqu_no': '9F5E0DC2BB504FFABD279FE3324867D0', 'operatorId': 4467887, 'authUserId': 4467887, 'authToken': '2b9432e3-966b-4872-b895-cba9d4bcdea1'} 
2021-04-21 15:01:58 handle_test.py handle_test INFO 平均药占比 
2021-04-21 15:01:58 RequestsUtil.py requests_api DEBUG 发送post请求 
2021-04-21 15:01:59 handle_test.py handle_test INFO {'ptList': 'ZY020000633367|12440100455344205E,ZY040000633367|12440100455344205E,ZY030000627064|12440100455344205E,ZY020000608428|12440100455344205E,ZY050000633367|12440100455344205E,ZY030000638484|12440100455344205E,ZY030000633367|12440100455344205E,ZY040000627064|12440100455344205E,ZY060000616498|12440100455344205E,ZY020000634616|12440100455344205E,ZY040000634616|12440100455344205E,ZY040000616498|12440100455344205E,ZY020000627064|12440100455344205E,ZY090000615299|12440100455344205E,ZY030000615299|12440100455344205E,ZY020000562523|12440100455344205E,ZY010000562523|12440100455344205E,ZY100000607140|12440100455344205E,ZY030000562523|12440100455344205E,ZY040000562523|12440100455344205E', 'drugName': 0, 'hospitalCode': '12440100455344205E', 'org_ids': True, 'authName': 997, 'access_token': 'af1294d3-3eb5-4032-a9ba-a81283ea47c6', 'uniqu_no': '9F5E0DC2BB504FFABD279FE3324867D0', 'operatorId': 4467887, 'authUserId': 4467887, 'authToken': 'af1294d3-3eb5-4032-a9ba-a81283ea47c6', 'inPatientNos': 'ZY020000633367|12440100455344205E,ZY040000633367|12440100455344205E,ZY030000627064|12440100455344205E,ZY020000608428|12440100455344205E,ZY050000633367|12440100455344205E,ZY030000638484|12440100455344205E,ZY030000633367|12440100455344205E,ZY040000627064|12440100455344205E,ZY060000616498|12440100455344205E,ZY020000634616|12440100455344205E,ZY040000634616|12440100455344205E,ZY040000616498|12440100455344205E,ZY020000627064|12440100455344205E,ZY090000615299|12440100455344205E,ZY030000615299|12440100455344205E,ZY020000562523|12440100455344205E,ZY010000562523|12440100455344205E,ZY030000562523|12440100455344205E,ZY040000562523|12440100455344205E,ZY100000607140|12440100455344205E,'} 
2021-04-21 15:01:59 handle_test.py handle_test INFO ['"returnCode": "SUCCESS"', '"returnMsg": "完成"', 'name', 'number'] 
2021-04-21 15:01:59 RequestsUtil.py requests_api DEBUG 发送post请求 
2021-04-21 15:02:04 handle_test.py handle_test INFO {'inpatientNo': 'ZY020000633367', 'hospitalCode': '12440100455344205E', 'org_ids': True, 'authName': 997, 'access_token': 'af1294d3-3eb5-4032-a9ba-a81283ea47c6', 'uniqu_no': '9F5E0DC2BB504FFABD279FE3324867D0', 'operatorId': 4467887, 'authUserId': 4467887, 'authToken': 'af1294d3-3eb5-4032-a9ba-a81283ea47c6', 'inPatientNo': 'ZY060000633367'} 
2021-04-21 15:02:04 handle_test.py handle_test INFO ['"responseMsg": "获取相似度时间轴数据操作成功！"', '"name": "诊断"', '"name": "检查"', '"name": "症状"', '"name": "检验"', '"name": "治疗"'] 
2021-04-21 15:02:04 RequestsUtil.py requests_api DEBUG 发送get请求 
2021-04-21 15:02:04 handle_test.py handle_test INFO {'inpatientNo': 'ZY060000633367', 'scoreData': '{"ZY020000633367|12440100455344205E": "98.88%", "ZY040000633367|12440100455344205E": "98.88%"}', 'hospitalCode': '12440100455344205E', 'org_ids': True, 'authName': 997, 'access_token': 'af1294d3-3eb5-4032-a9ba-a81283ea47c6', 'uniqu_no': '9F5E0DC2BB504FFABD279FE3324867D0', 'operatorId': 4467887, 'authUserId': 4467887, 'authToken': 'af1294d3-3eb5-4032-a9ba-a81283ea47c6', 'inPatientNo': 'ZY060000633367'} 
2021-04-21 15:02:04 handle_test.py handle_test INFO ['"returnCode": "SUCCESS"', '"returnMsg": "完成"', '"住院流水号"'] 
2021-04-21 15:02:04 RequestsUtil.py requests_api DEBUG 发送post请求 
